16:59:14.016275 pkt-line.c:80           packet: receive-pack> 0000000000000000000000000000000000000000 capabilities^{}\0report-status report-status-v2 delete-refs side-band-64k quiet atomic ofs-delta object-format=sha1 agent=git/2.39.1
16:59:14.016359 pkt-line.c:80           packet: receive-pack> 0000
16:59:14.016453 pkt-line.c:80           packet:         push< 0000000000000000000000000000000000000000 capabilities^{}\0report-status report-status-v2 delete-refs side-band-64k quiet atomic ofs-delta object-format=sha1 agent=git/2.39.1
16:59:14.016520 pkt-line.c:80           packet:         push< 0000
16:59:14.016635 pkt-line.c:80           packet:         push> 0000000000000000000000000000000000000000 9f114f880890b39b0f862a05fd7f9ffa1283ec32 refs/heads/branch_2\0 report-status-v2 side-band-64k quiet object-format=sha1 agent=git/2.39.1
16:59:14.016652 pkt-line.c:80           packet:         push> 0000000000000000000000000000000000000000 c4896697e257d5915e9a8f6f3460cab36ff8df9a refs/heads/main
16:59:14.016678 pkt-line.c:80           packet:         push> 0000000000000000000000000000000000000000 f5e9cea1914d420b24718a9a4336cf110836e8f0 refs/pull/8/head
16:59:14.016693 pkt-line.c:80           packet:         push> 0000000000000000000000000000000000000000 89c2910934c685b60d95532ccb48186c0ddbc6b0 refs/tags/v4.0
16:59:14.016705 pkt-line.c:80           packet:         push> 0000000000000000000000000000000000000000 94948ac8c40fc3f234a06595b3c5b4c70c4f43e0 refs/tags/v6.0
16:59:14.016728 pkt-line.c:80           packet:         push> 0000
16:59:14.016821 pkt-line.c:80           packet: receive-pack< 0000000000000000000000000000000000000000 9f114f880890b39b0f862a05fd7f9ffa1283ec32 refs/heads/branch_2\0 report-status-v2 side-band-64k quiet object-format=sha1 agent=git/2.39.1
16:59:14.016874 pkt-line.c:80           packet: receive-pack< 0000000000000000000000000000000000000000 c4896697e257d5915e9a8f6f3460cab36ff8df9a refs/heads/main
16:59:14.016899 pkt-line.c:80           packet: receive-pack< 0000000000000000000000000000000000000000 f5e9cea1914d420b24718a9a4336cf110836e8f0 refs/pull/8/head
16:59:14.016920 pkt-line.c:80           packet: receive-pack< 0000000000000000000000000000000000000000 89c2910934c685b60d95532ccb48186c0ddbc6b0 refs/tags/v4.0
16:59:14.016941 pkt-line.c:80           packet: receive-pack< 0000000000000000000000000000000000000000 94948ac8c40fc3f234a06595b3c5b4c70c4f43e0 refs/tags/v6.0
16:59:14.016958 pkt-line.c:80           packet: receive-pack< 0000
16:59:14.077754 pkt-line.c:80           packet: receive-pack> unpack ok
16:59:14.077771 pkt-line.c:80           packet: receive-pack> ok refs/heads/branch_2
16:59:14.077778 pkt-line.c:80           packet: receive-pack> ok refs/heads/main
16:59:14.077783 pkt-line.c:80           packet: receive-pack> ok refs/pull/8/head
16:59:14.077788 pkt-line.c:80           packet: receive-pack> ok refs/tags/v4.0
16:59:14.077793 pkt-line.c:80           packet: receive-pack> ok refs/tags/v6.0
16:59:14.077798 pkt-line.c:80           packet: receive-pack> 0000
16:59:14.077904 pkt-line.c:80           packet:     sideband< \1000eunpack ok001bok refs/heads/branch_20017ok refs/heads/main0018ok refs/pull/8/head0016ok refs/tags/v4.00016ok refs/tags/v6.00000
16:59:14.077958 pkt-line.c:80           packet:         push< unpack ok
16:59:14.077986 pkt-line.c:80           packet:         push< ok refs/heads/branch_2
16:59:14.078003 pkt-line.c:80           packet:         push< ok refs/heads/main
16:59:14.078019 pkt-line.c:80           packet:         push< ok refs/pull/8/head
16:59:14.078033 pkt-line.c:80           packet:         push< ok refs/tags/v4.0
16:59:14.078047 pkt-line.c:80           packet:         push< ok refs/tags/v6.0
16:59:14.078060 pkt-line.c:80           packet:         push< 0000
16:59:14.080231 pkt-line.c:80           packet: receive-pack> 0000
16:59:14.080300 pkt-line.c:80           packet:     sideband< 0000
