16:17:30.924426 pkt-line.c:80           packet:        clone> git-upload-pack /project.git\0host=127.0.0.1\0\0version=2\0
16:17:30.927661 pkt-line.c:80           packet:        clone< version 2
16:17:30.927681 pkt-line.c:80           packet:        clone< agent=git/2.39.1
16:17:30.927804 pkt-line.c:80           packet:        clone< ls-refs=unborn
16:17:30.927821 pkt-line.c:80           packet:        clone< fetch=shallow wait-for-done
16:17:30.927830 pkt-line.c:80           packet:        clone< server-option
16:17:30.927838 pkt-line.c:80           packet:        clone< object-format=sha1
16:17:30.927846 pkt-line.c:80           packet:        clone< object-info
16:17:30.927853 pkt-line.c:80           packet:        clone< 0000
16:17:30.927859 pkt-line.c:80           packet:        clone> command=ls-refs
16:17:30.927877 pkt-line.c:80           packet:        clone> agent=git/2.39.1
16:17:30.927887 pkt-line.c:80           packet:        clone> object-format=sha1
16:17:30.927893 pkt-line.c:80           packet:        clone> 0001
16:17:30.927900 pkt-line.c:80           packet:        clone> peel
16:17:30.927907 pkt-line.c:80           packet:        clone> symrefs
16:17:30.927913 pkt-line.c:80           packet:        clone> unborn
16:17:30.927920 pkt-line.c:80           packet:        clone> ref-prefix HEAD
16:17:30.927927 pkt-line.c:80           packet:        clone> ref-prefix refs/heads/
16:17:30.927933 pkt-line.c:80           packet:        clone> ref-prefix refs/tags/
16:17:30.927939 pkt-line.c:80           packet:        clone> 0000
16:17:30.970375 pkt-line.c:80           packet:        clone< c4896697e257d5915e9a8f6f3460cab36ff8df9a HEAD symref-target:refs/heads/main
16:17:30.970441 pkt-line.c:80           packet:        clone< 9f114f880890b39b0f862a05fd7f9ffa1283ec32 refs/heads/branch_2
16:17:30.970467 pkt-line.c:80           packet:        clone< c4896697e257d5915e9a8f6f3460cab36ff8df9a refs/heads/main
16:17:30.970489 pkt-line.c:80           packet:        clone< 89c2910934c685b60d95532ccb48186c0ddbc6b0 refs/tags/v4.0
16:17:30.970512 pkt-line.c:80           packet:        clone< 94948ac8c40fc3f234a06595b3c5b4c70c4f43e0 refs/tags/v6.0 peeled:2f36731ec8d8b0e53fcfccd2cad413976aa47b69
16:17:30.970533 pkt-line.c:80           packet:        clone< 0000
16:17:30.972637 pkt-line.c:80           packet:        clone> command=fetch
16:17:30.972663 pkt-line.c:80           packet:        clone> agent=git/2.39.1
16:17:30.972678 pkt-line.c:80           packet:        clone> object-format=sha1
16:17:30.972689 pkt-line.c:80           packet:        clone> 0001
16:17:30.972701 pkt-line.c:80           packet:        clone> thin-pack
16:17:30.972713 pkt-line.c:80           packet:        clone> no-progress
16:17:30.972725 pkt-line.c:80           packet:        clone> ofs-delta
16:17:30.972742 pkt-line.c:80           packet:        clone> want c4896697e257d5915e9a8f6f3460cab36ff8df9a
16:17:30.972755 pkt-line.c:80           packet:        clone> want 9f114f880890b39b0f862a05fd7f9ffa1283ec32
16:17:30.972793 pkt-line.c:80           packet:        clone> want c4896697e257d5915e9a8f6f3460cab36ff8df9a
16:17:30.972820 pkt-line.c:80           packet:        clone> want 89c2910934c685b60d95532ccb48186c0ddbc6b0
16:17:30.972836 pkt-line.c:80           packet:        clone> want 94948ac8c40fc3f234a06595b3c5b4c70c4f43e0
16:17:30.972849 pkt-line.c:80           packet:        clone> done
16:17:30.972860 pkt-line.c:80           packet:        clone> 0000
16:17:30.974667 pkt-line.c:80           packet:        clone< packfile
16:17:31.017485 pkt-line.c:80           packet:     sideband< PACK ...
16:17:31.017588 pkt-line.c:80           packet:     sideband< 0000
