11:27:52.285450 pkt-line.c:80           packet:        clone> git-upload-pack /project.git\0host=127.0.0.1\0\0version=1\0
11:27:52.288319 pkt-line.c:80           packet:        clone< version 1
11:27:52.288890 pkt-line.c:80           packet:        clone< c4896697e257d5915e9a8f6f3460cab36ff8df9a HEAD\0multi_ack thin-pack side-band side-band-64k ofs-delta shallow deepen-since deepen-not deepen-relative no-progress include-tag multi_ack_detailed symref=HEAD:refs/heads/main object-format=sha1 agent=git/2.39.1
11:27:52.288907 pkt-line.c:80           packet:        clone< 9f114f880890b39b0f862a05fd7f9ffa1283ec32 refs/heads/branch_2
11:27:52.288915 pkt-line.c:80           packet:        clone< c4896697e257d5915e9a8f6f3460cab36ff8df9a refs/heads/main
11:27:52.288922 pkt-line.c:80           packet:        clone< f5e9cea1914d420b24718a9a4336cf110836e8f0 refs/pull/8/head
11:27:52.288929 pkt-line.c:80           packet:        clone< 89c2910934c685b60d95532ccb48186c0ddbc6b0 refs/tags/v4.0
11:27:52.288936 pkt-line.c:80           packet:        clone< 94948ac8c40fc3f234a06595b3c5b4c70c4f43e0 refs/tags/v6.0
11:27:52.288944 pkt-line.c:80           packet:        clone< 2f36731ec8d8b0e53fcfccd2cad413976aa47b69 refs/tags/v6.0^{}
11:27:52.288950 pkt-line.c:80           packet:        clone< 0000
11:27:52.289638 pkt-line.c:80           packet:        clone> want c4896697e257d5915e9a8f6f3460cab36ff8df9a multi_ack_detailed side-band-64k thin-pack no-progress ofs-delta deepen-since deepen-not agent=git/2.39.1
11:27:52.289646 pkt-line.c:80           packet:        clone> want 9f114f880890b39b0f862a05fd7f9ffa1283ec32
11:27:52.289650 pkt-line.c:80           packet:        clone> want c4896697e257d5915e9a8f6f3460cab36ff8df9a
11:27:52.289654 pkt-line.c:80           packet:        clone> want 89c2910934c685b60d95532ccb48186c0ddbc6b0
11:27:52.289659 pkt-line.c:80           packet:        clone> want 94948ac8c40fc3f234a06595b3c5b4c70c4f43e0
11:27:52.289662 pkt-line.c:80           packet:        clone> 0000
11:27:52.289687 pkt-line.c:80           packet:        clone> done
11:27:52.337185 pkt-line.c:80           packet:        clone< NAK
11:27:52.357243 pkt-line.c:80           packet:     sideband< PACK ...
11:27:52.357339 pkt-line.c:80           packet:     sideband< 0000
